<?xml version="1.0" encoding="UTF-8"?>
<!-- Generated by org.testng.reporters.JUnitReportReporter -->
<testsuite hostname="VISHAL" failures="0" tests="1" name="seleniumbasics.NewTest" time="12.616" errors="0" timestamp="2023-07-29T13:22:55 IST" skipped="0">
  <testcase classname="seleniumbasics.NewTest" name="loginTest" time="12.616"/>
</testsuite> <!-- seleniumbasics.NewTest -->
